{
  "stats": {
    "suites": 4,
    "tests": 17,
    "passes": 17,
    "pending": 0,
    "failures": 0,
    "start": "2024-05-10T07:59:20.686Z",
    "end": "2024-05-10T07:59:21.102Z",
    "duration": 416,
    "testsRegistered": 17,
    "passPercent": 100,
    "pendingPercent": 0,
    "other": 0,
    "hasOther": false,
    "skipped": 0,
    "hasSkipped": false
  },
  "results": [
    {
      "uuid": "37e2b849-6de1-4621-9244-e39f89e41c4e",
      "title": "",
      "fullFile": "",
      "file": "",
      "beforeHooks": [],
      "afterHooks": [],
      "tests": [],
      "suites": [
        {
          "uuid": "24162d0e-d485-4a6f-8ead-e5057b44e125",
          "title": "Test Api auth using supertest",
          "fullFile": "/home/ubuntu/system/nuxt_dev/dev_app/servermetrics/tests/auth.spec.js",
          "file": "/tests/auth.spec.js",
          "beforeHooks": [],
          "afterHooks": [],
          "tests": [
            {
              "title": "should successfully pass the test for get api with apikey and secretid",
              "fullTitle": "Test Api auth using supertest should successfully pass the test for get api with apikey and secretid",
              "timedOut": false,
              "duration": 36,
              "state": "passed",
              "speed": "fast",
              "pass": true,
              "fail": false,
              "pending": false,
              "context": null,
              "code": "request(baseurl)\n\t.post('/api/auth')\n            .send({ apikey: process.env.APIKEY, secretid: process.env.SECRETID })\n\t.set('Accept', 'application/json')\n\t.set('Content-Type', 'application/json')\n\t.end(function (err, res) {\n\t\texpect(res.statusCode).to.be.equal(200);\n\t\texpect(res.body).not.to.be.empty;\n\t\tdone();\n\t});",
              "err": {},
              "uuid": "8cbea117-c064-4588-9a55-2d649fbaac3e",
              "parentUUID": "24162d0e-d485-4a6f-8ead-e5057b44e125",
              "isHook": false,
              "skipped": false
            },
            {
              "title": "should successfully pass the test for get api without apikey and secretid",
              "fullTitle": "Test Api auth using supertest should successfully pass the test for get api without apikey and secretid",
              "timedOut": false,
              "duration": 4,
              "state": "passed",
              "speed": "fast",
              "pass": true,
              "fail": false,
              "pending": false,
              "context": null,
              "code": "request(baseurl)\n\t.post('/api/auth')\n\t.end(function (err, res) {\n\t\texpect(res.statusCode).to.be.equal(400);\n\t\tdone();\n\t});",
              "err": {},
              "uuid": "fa7b42cc-52ca-448d-9677-ae7fdda50d29",
              "parentUUID": "24162d0e-d485-4a6f-8ead-e5057b44e125",
              "isHook": false,
              "skipped": false
            },
            {
              "title": "should successfully pass the test for get api without secretid",
              "fullTitle": "Test Api auth using supertest should successfully pass the test for get api without secretid",
              "timedOut": false,
              "duration": 4,
              "state": "passed",
              "speed": "fast",
              "pass": true,
              "fail": false,
              "pending": false,
              "context": null,
              "code": "request(baseurl)\n\t.post('/api/auth')\n\t.send({ apikey: process.env.APIKEY })\n\t.end(function (err, res) {\n\t\texpect(res.statusCode).to.be.equal(400);\n\t\tdone();\n\t});",
              "err": {},
              "uuid": "fa38c1f0-1106-48b0-8361-57b18723712f",
              "parentUUID": "24162d0e-d485-4a6f-8ead-e5057b44e125",
              "isHook": false,
              "skipped": false
            },
            {
              "title": "should successfully pass the test for get api without apikey",
              "fullTitle": "Test Api auth using supertest should successfully pass the test for get api without apikey",
              "timedOut": false,
              "duration": 3,
              "state": "passed",
              "speed": "fast",
              "pass": true,
              "fail": false,
              "pending": false,
              "context": null,
              "code": "request(baseurl)\n\t.post('/api/auth')\n\t.send({ secretid: process.env.SECRETID })\n\t.end(function (err, res) {\n\t\texpect(res.statusCode).to.be.equal(400);\n\t\tdone();\n\t});",
              "err": {},
              "uuid": "d9cf4821-1508-41ab-b7bd-975f2b6c1a57",
              "parentUUID": "24162d0e-d485-4a6f-8ead-e5057b44e125",
              "isHook": false,
              "skipped": false
            },
            {
              "title": "should successfully pass the test for get api with false apikey and secretid",
              "fullTitle": "Test Api auth using supertest should successfully pass the test for get api with false apikey and secretid",
              "timedOut": false,
              "duration": 3,
              "state": "passed",
              "speed": "fast",
              "pass": true,
              "fail": false,
              "pending": false,
              "context": null,
              "code": "request(baseurl)\n\t.post('/api/auth')\n\t.send({ apikey: \"falsekey\", secretid: \"falsesecret\" })\n\t.end(function (err, res) {\n\t\texpect(res.statusCode).to.be.equal(400);\n\t\tdone();\n\t});",
              "err": {},
              "uuid": "0f6651da-35ba-46ac-ac55-a7cc5b852b4b",
              "parentUUID": "24162d0e-d485-4a6f-8ead-e5057b44e125",
              "isHook": false,
              "skipped": false
            }
          ],
          "suites": [],
          "passes": [
            "8cbea117-c064-4588-9a55-2d649fbaac3e",
            "fa7b42cc-52ca-448d-9677-ae7fdda50d29",
            "fa38c1f0-1106-48b0-8361-57b18723712f",
            "d9cf4821-1508-41ab-b7bd-975f2b6c1a57",
            "0f6651da-35ba-46ac-ac55-a7cc5b852b4b"
          ],
          "failures": [],
          "pending": [],
          "skipped": [],
          "duration": 50,
          "root": false,
          "rootEmpty": false,
          "_timeout": 2000
        },
        {
          "uuid": "c50a8642-1107-4048-a51c-d65e01629a3c",
          "title": "Test Api cpu using supertest",
          "fullFile": "/home/ubuntu/system/nuxt_dev/dev_app/servermetrics/tests/memory.spec.js",
          "file": "/tests/memory.spec.js",
          "beforeHooks": [],
          "afterHooks": [],
          "tests": [
            {
              "title": "should successfully pass the test for get api with token :",
              "fullTitle": "Test Api cpu using supertest should successfully pass the test for get api with token :",
              "timedOut": false,
              "duration": 90,
              "state": "passed",
              "speed": "slow",
              "pass": true,
              "fail": false,
              "pending": false,
              "context": null,
              "code": "request(baseurl)\n    .get('/api/cpu')\n    .set('Accept', 'application/json')\n    .set('Content-Type', 'application/json')\n    .set('x-auth-token',  token)\n    .end(function (err, res) {\n        expect(res.statusCode).to.be.equal(200);\n        expect(res.body).not.to.be.empty;\n        done();\n    });",
              "err": {},
              "uuid": "9652c179-06f5-457e-b880-a19a2875512c",
              "parentUUID": "c50a8642-1107-4048-a51c-d65e01629a3c",
              "isHook": false,
              "skipped": false
            },
            {
              "title": "should successfully pass the test for get api without token",
              "fullTitle": "Test Api cpu using supertest should successfully pass the test for get api without token",
              "timedOut": false,
              "duration": 3,
              "state": "passed",
              "speed": "fast",
              "pass": true,
              "fail": false,
              "pending": false,
              "context": null,
              "code": "request(baseurl)\n    .get('/api/cpu')\n    .end(function (err, res) {\n        expect(res.statusCode).to.be.equal(403);\n        done();\n    });",
              "err": {},
              "uuid": "fd6fe7d0-15ba-45a7-ae11-b3d5753c8c92",
              "parentUUID": "c50a8642-1107-4048-a51c-d65e01629a3c",
              "isHook": false,
              "skipped": false
            },
            {
              "title": "should successfully pass the test for get api with false token",
              "fullTitle": "Test Api cpu using supertest should successfully pass the test for get api with false token",
              "timedOut": false,
              "duration": 3,
              "state": "passed",
              "speed": "fast",
              "pass": true,
              "fail": false,
              "pending": false,
              "context": null,
              "code": "request(baseurl)\n    .get('/api/cpu')\n    .set('x-auth-token', 'false token')\n    .end(function (err, res) {\n        expect(res.statusCode).to.be.equal(400);\n        done();\n    });",
              "err": {},
              "uuid": "ecb29f9c-de59-49b1-9f9e-129249befd34",
              "parentUUID": "c50a8642-1107-4048-a51c-d65e01629a3c",
              "isHook": false,
              "skipped": false
            },
            {
              "title": "should successfully pass the test for get api with empty token",
              "fullTitle": "Test Api cpu using supertest should successfully pass the test for get api with empty token",
              "timedOut": false,
              "duration": 3,
              "state": "passed",
              "speed": "fast",
              "pass": true,
              "fail": false,
              "pending": false,
              "context": null,
              "code": "request(baseurl)\n    .get('/api/cpu')\n    .set('x-auth-token', '')\n    .end(function (err, res) {\n        expect(res.statusCode).to.be.equal(403);\n        done();\n    });",
              "err": {},
              "uuid": "9ee750c3-b55f-440e-ba82-75a1e16d4b69",
              "parentUUID": "c50a8642-1107-4048-a51c-d65e01629a3c",
              "isHook": false,
              "skipped": false
            }
          ],
          "suites": [],
          "passes": [
            "9652c179-06f5-457e-b880-a19a2875512c",
            "fd6fe7d0-15ba-45a7-ae11-b3d5753c8c92",
            "ecb29f9c-de59-49b1-9f9e-129249befd34",
            "9ee750c3-b55f-440e-ba82-75a1e16d4b69"
          ],
          "failures": [],
          "pending": [],
          "skipped": [],
          "duration": 99,
          "root": false,
          "rootEmpty": false,
          "_timeout": 2000
        },
        {
          "uuid": "6f89d995-6430-436d-b747-49a2ad36523f",
          "title": "Test Api disk using supertest",
          "fullFile": "/home/ubuntu/system/nuxt_dev/dev_app/servermetrics/tests/memory.spec.js",
          "file": "/tests/memory.spec.js",
          "beforeHooks": [],
          "afterHooks": [],
          "tests": [
            {
              "title": "should successfully pass the test for get api with token :",
              "fullTitle": "Test Api disk using supertest should successfully pass the test for get api with token :",
              "timedOut": false,
              "duration": 118,
              "state": "passed",
              "speed": "slow",
              "pass": true,
              "fail": false,
              "pending": false,
              "context": null,
              "code": "request(baseurl)\n    .get('/api/disk')\n    .set('Accept', 'application/json')\n    .set('Content-Type', 'application/json')\n    .set('x-auth-token',  token)\n    .end(function (err, res) {\n        expect(res.statusCode).to.be.equal(200);\n        expect(res.body).not.to.be.empty;\n        done();\n    });",
              "err": {},
              "uuid": "f40d53f7-027e-4de4-8354-691b078a4d5e",
              "parentUUID": "6f89d995-6430-436d-b747-49a2ad36523f",
              "isHook": false,
              "skipped": false
            },
            {
              "title": "should successfully pass the test for get api without token",
              "fullTitle": "Test Api disk using supertest should successfully pass the test for get api without token",
              "timedOut": false,
              "duration": 4,
              "state": "passed",
              "speed": "fast",
              "pass": true,
              "fail": false,
              "pending": false,
              "context": null,
              "code": "request(baseurl)\n    .get('/api/disk')\n    .end(function (err, res) {\n        expect(res.statusCode).to.be.equal(403);\n        done();\n    });",
              "err": {},
              "uuid": "9ca5c3dc-4f05-4483-ad8c-c84604f6e089",
              "parentUUID": "6f89d995-6430-436d-b747-49a2ad36523f",
              "isHook": false,
              "skipped": false
            },
            {
              "title": "should successfully pass the test for get api with false token",
              "fullTitle": "Test Api disk using supertest should successfully pass the test for get api with false token",
              "timedOut": false,
              "duration": 3,
              "state": "passed",
              "speed": "fast",
              "pass": true,
              "fail": false,
              "pending": false,
              "context": null,
              "code": "request(baseurl)\n    .get('/api/disk')\n    .set('x-auth-token', 'false token')\n    .end(function (err, res) {\n        expect(res.statusCode).to.be.equal(400);\n        done();\n    });",
              "err": {},
              "uuid": "3f02bae5-5f86-4ba8-aebd-d986433aab44",
              "parentUUID": "6f89d995-6430-436d-b747-49a2ad36523f",
              "isHook": false,
              "skipped": false
            },
            {
              "title": "should successfully pass the test for get api with empty token",
              "fullTitle": "Test Api disk using supertest should successfully pass the test for get api with empty token",
              "timedOut": false,
              "duration": 3,
              "state": "passed",
              "speed": "fast",
              "pass": true,
              "fail": false,
              "pending": false,
              "context": null,
              "code": "request(baseurl)\n    .get('/api/disk')\n    .set('x-auth-token', '')\n    .end(function (err, res) {\n        expect(res.statusCode).to.be.equal(403);\n        done();\n    });",
              "err": {},
              "uuid": "f4c521fa-4624-41d4-8c4b-ef6af48cdd72",
              "parentUUID": "6f89d995-6430-436d-b747-49a2ad36523f",
              "isHook": false,
              "skipped": false
            }
          ],
          "suites": [],
          "passes": [
            "f40d53f7-027e-4de4-8354-691b078a4d5e",
            "9ca5c3dc-4f05-4483-ad8c-c84604f6e089",
            "3f02bae5-5f86-4ba8-aebd-d986433aab44",
            "f4c521fa-4624-41d4-8c4b-ef6af48cdd72"
          ],
          "failures": [],
          "pending": [],
          "skipped": [],
          "duration": 128,
          "root": false,
          "rootEmpty": false,
          "_timeout": 2000
        },
        {
          "uuid": "4ec92682-60f6-44a1-b33d-023e86767c66",
          "title": "Test Api memory using supertest",
          "fullFile": "/home/ubuntu/system/nuxt_dev/dev_app/servermetrics/tests/memory.spec.js",
          "file": "/tests/memory.spec.js",
          "beforeHooks": [],
          "afterHooks": [],
          "tests": [
            {
              "title": "should successfully pass the test for get api with token :",
              "fullTitle": "Test Api memory using supertest should successfully pass the test for get api with token :",
              "timedOut": false,
              "duration": 118,
              "state": "passed",
              "speed": "slow",
              "pass": true,
              "fail": false,
              "pending": false,
              "context": null,
              "code": "request(baseurl)\n    .get('/api/memory')\n    .set('Accept', 'application/json')\n    .set('Content-Type', 'application/json')\n    .set('x-auth-token',  token)\n    .end(function (err, res) {\n        expect(res.statusCode).to.be.equal(200);\n        expect(res.body).not.to.be.empty;\n        done();\n    });",
              "err": {},
              "uuid": "a8a48224-bde4-45c0-9d76-7a01248d25e7",
              "parentUUID": "4ec92682-60f6-44a1-b33d-023e86767c66",
              "isHook": false,
              "skipped": false
            },
            {
              "title": "should successfully pass the test for get api without token",
              "fullTitle": "Test Api memory using supertest should successfully pass the test for get api without token",
              "timedOut": false,
              "duration": 3,
              "state": "passed",
              "speed": "fast",
              "pass": true,
              "fail": false,
              "pending": false,
              "context": null,
              "code": "request(baseurl)\n    .get('/api/memory')\n    .end(function (err, res) {\n        expect(res.statusCode).to.be.equal(403);\n        done();\n    });",
              "err": {},
              "uuid": "1d062872-4345-4033-83c9-ec70cad5ec5f",
              "parentUUID": "4ec92682-60f6-44a1-b33d-023e86767c66",
              "isHook": false,
              "skipped": false
            },
            {
              "title": "should successfully pass the test for get api with false token",
              "fullTitle": "Test Api memory using supertest should successfully pass the test for get api with false token",
              "timedOut": false,
              "duration": 2,
              "state": "passed",
              "speed": "fast",
              "pass": true,
              "fail": false,
              "pending": false,
              "context": null,
              "code": "request(baseurl)\n    .get('/api/memory')\n    .set('x-auth-token', 'false token')\n    .end(function (err, res) {\n        expect(res.statusCode).to.be.equal(400);\n        done();\n    });",
              "err": {},
              "uuid": "4e19edaa-16a2-4189-8bef-c08c739dab0f",
              "parentUUID": "4ec92682-60f6-44a1-b33d-023e86767c66",
              "isHook": false,
              "skipped": false
            },
            {
              "title": "should successfully pass the test for get api with empty token",
              "fullTitle": "Test Api memory using supertest should successfully pass the test for get api with empty token",
              "timedOut": false,
              "duration": 3,
              "state": "passed",
              "speed": "fast",
              "pass": true,
              "fail": false,
              "pending": false,
              "context": null,
              "code": "request(baseurl)\n    .get('/api/memory')\n    .set('x-auth-token', '')\n    .end(function (err, res) {\n        expect(res.statusCode).to.be.equal(403);\n        done();\n    });",
              "err": {},
              "uuid": "aa20a832-a576-4223-8cfd-bfd100567db7",
              "parentUUID": "4ec92682-60f6-44a1-b33d-023e86767c66",
              "isHook": false,
              "skipped": false
            }
          ],
          "suites": [],
          "passes": [
            "a8a48224-bde4-45c0-9d76-7a01248d25e7",
            "1d062872-4345-4033-83c9-ec70cad5ec5f",
            "4e19edaa-16a2-4189-8bef-c08c739dab0f",
            "aa20a832-a576-4223-8cfd-bfd100567db7"
          ],
          "failures": [],
          "pending": [],
          "skipped": [],
          "duration": 126,
          "root": false,
          "rootEmpty": false,
          "_timeout": 2000
        }
      ],
      "passes": [],
      "failures": [],
      "pending": [],
      "skipped": [],
      "duration": 0,
      "root": true,
      "rootEmpty": true,
      "_timeout": 2000
    }
  ],
  "meta": {
    "mocha": {
      "version": "10.4.0"
    },
    "mochawesome": {
      "options": {
        "quiet": false,
        "reportFilename": "mochawesome",
        "saveHtml": true,
        "saveJson": true,
        "consoleReporter": "spec",
        "useInlineDiffs": false,
        "code": true
      },
      "version": "7.1.3"
    },
    "marge": {
      "options": null,
      "version": "6.2.0"
    }
  }
}