{
  "stats": {
    "suites": 5,
    "tests": 21,
    "passes": 21,
    "pending": 0,
    "failures": 0,
    "start": "2024-05-16T19:55:21.241Z",
    "end": "2024-05-16T19:55:21.751Z",
    "duration": 510,
    "testsRegistered": 21,
    "passPercent": 100,
    "pendingPercent": 0,
    "other": 0,
    "hasOther": false,
    "skipped": 0,
    "hasSkipped": false
  },
  "results": [
    {
      "uuid": "e445cbe5-fbe2-4d88-a531-d52b1da8ade4",
      "title": "",
      "fullFile": "",
      "file": "",
      "beforeHooks": [],
      "afterHooks": [],
      "tests": [],
      "suites": [
        {
          "uuid": "d79c4007-c364-4a26-9cb3-e7a2631c5dad",
          "title": "Test Api auth using supertest",
          "fullFile": "/home/ubuntu/system/nuxt_dev/dev_app/servermetrics/tests/auth.spec.js",
          "file": "/tests/auth.spec.js",
          "beforeHooks": [],
          "afterHooks": [],
          "tests": [
            {
              "title": "should successfully pass the test for get api with apikey and secretid",
              "fullTitle": "Test Api auth using supertest should successfully pass the test for get api with apikey and secretid",
              "timedOut": false,
              "duration": 31,
              "state": "passed",
              "speed": "fast",
              "pass": true,
              "fail": false,
              "pending": false,
              "context": null,
              "code": "request(baseurl)\n\t.post('/api/auth')\n            .send({ apikey: process.env.APIKEY, secretid: process.env.SECRETID })\n\t.set('Accept', 'application/json')\n\t.set('Content-Type', 'application/json')\n\t.end(function (err, res) {\n\t\texpect(res.statusCode).to.be.equal(200);\n\t\texpect(res.body.token).not.to.be.empty;\n\t\tdone();\n\t});",
              "err": {},
              "uuid": "1742551f-5b0e-4a0f-9b5f-426b98a290e3",
              "parentUUID": "d79c4007-c364-4a26-9cb3-e7a2631c5dad",
              "isHook": false,
              "skipped": false
            },
            {
              "title": "should successfully pass the test for get api without apikey and secretid",
              "fullTitle": "Test Api auth using supertest should successfully pass the test for get api without apikey and secretid",
              "timedOut": false,
              "duration": 2,
              "state": "passed",
              "speed": "fast",
              "pass": true,
              "fail": false,
              "pending": false,
              "context": null,
              "code": "request(baseurl)\n\t.post('/api/auth')\n\t.end(function (err, res) {\n\t\texpect(res.statusCode).to.be.equal(400);\n\t\tdone();\n\t});",
              "err": {},
              "uuid": "aa8cd6c4-0ff6-486e-8d7e-3aa9d7cc27ac",
              "parentUUID": "d79c4007-c364-4a26-9cb3-e7a2631c5dad",
              "isHook": false,
              "skipped": false
            },
            {
              "title": "should successfully pass the test for get api without secretid",
              "fullTitle": "Test Api auth using supertest should successfully pass the test for get api without secretid",
              "timedOut": false,
              "duration": 2,
              "state": "passed",
              "speed": "fast",
              "pass": true,
              "fail": false,
              "pending": false,
              "context": null,
              "code": "request(baseurl)\n\t.post('/api/auth')\n\t.send({ apikey: process.env.APIKEY })\n\t.end(function (err, res) {\n\t\texpect(res.statusCode).to.be.equal(400);\n\t\tdone();\n\t});",
              "err": {},
              "uuid": "d8177f49-20e8-4e6f-940a-16735b535d7b",
              "parentUUID": "d79c4007-c364-4a26-9cb3-e7a2631c5dad",
              "isHook": false,
              "skipped": false
            },
            {
              "title": "should successfully pass the test for get api without apikey",
              "fullTitle": "Test Api auth using supertest should successfully pass the test for get api without apikey",
              "timedOut": false,
              "duration": 2,
              "state": "passed",
              "speed": "fast",
              "pass": true,
              "fail": false,
              "pending": false,
              "context": null,
              "code": "request(baseurl)\n\t.post('/api/auth')\n\t.send({ secretid: process.env.SECRETID })\n\t.end(function (err, res) {\n\t\texpect(res.statusCode).to.be.equal(400);\n\t\tdone();\n\t});",
              "err": {},
              "uuid": "efe43570-8f0c-4755-bad1-9a537ac97533",
              "parentUUID": "d79c4007-c364-4a26-9cb3-e7a2631c5dad",
              "isHook": false,
              "skipped": false
            },
            {
              "title": "should successfully pass the test for get api with false apikey and secretid",
              "fullTitle": "Test Api auth using supertest should successfully pass the test for get api with false apikey and secretid",
              "timedOut": false,
              "duration": 2,
              "state": "passed",
              "speed": "fast",
              "pass": true,
              "fail": false,
              "pending": false,
              "context": null,
              "code": "request(baseurl)\n\t.post('/api/auth')\n\t.send({ apikey: \"falsekey\", secretid: \"falsesecret\" })\n\t.end(function (err, res) {\n\t\texpect(res.statusCode).to.be.equal(400);\n\t\tdone();\n\t});",
              "err": {},
              "uuid": "378d53c2-470a-4d8a-96d8-b9ea39b68f53",
              "parentUUID": "d79c4007-c364-4a26-9cb3-e7a2631c5dad",
              "isHook": false,
              "skipped": false
            }
          ],
          "suites": [],
          "passes": [
            "1742551f-5b0e-4a0f-9b5f-426b98a290e3",
            "aa8cd6c4-0ff6-486e-8d7e-3aa9d7cc27ac",
            "d8177f49-20e8-4e6f-940a-16735b535d7b",
            "efe43570-8f0c-4755-bad1-9a537ac97533",
            "378d53c2-470a-4d8a-96d8-b9ea39b68f53"
          ],
          "failures": [],
          "pending": [],
          "skipped": [],
          "duration": 39,
          "root": false,
          "rootEmpty": false,
          "_timeout": 2000
        },
        {
          "uuid": "7d2755aa-d47b-4c6d-a961-066779532a49",
          "title": "Test Api cpu using supertest",
          "fullFile": "/home/ubuntu/system/nuxt_dev/dev_app/servermetrics/tests/memory.spec.js",
          "file": "/tests/memory.spec.js",
          "beforeHooks": [],
          "afterHooks": [],
          "tests": [
            {
              "title": "should successfully pass the test for get api with token :",
              "fullTitle": "Test Api cpu using supertest should successfully pass the test for get api with token :",
              "timedOut": false,
              "duration": 103,
              "state": "passed",
              "speed": "slow",
              "pass": true,
              "fail": false,
              "pending": false,
              "context": null,
              "code": "request(baseurl)\n    .get('/api/cpu')\n    .set('Accept', 'application/json')\n    .set('Content-Type', 'application/json')\n    .set('x-auth-token',  token)\n    .end(function (err, res) {\n        expect(res.statusCode).to.be.equal(200);\n        expect(res.body).not.to.be.empty;\n        done();\n    });",
              "err": {},
              "uuid": "34494dfc-ee35-42e4-a682-259fa891c4a1",
              "parentUUID": "7d2755aa-d47b-4c6d-a961-066779532a49",
              "isHook": false,
              "skipped": false
            },
            {
              "title": "should successfully pass the test for get api without token",
              "fullTitle": "Test Api cpu using supertest should successfully pass the test for get api without token",
              "timedOut": false,
              "duration": 3,
              "state": "passed",
              "speed": "fast",
              "pass": true,
              "fail": false,
              "pending": false,
              "context": null,
              "code": "request(baseurl)\n    .get('/api/cpu')\n    .end(function (err, res) {\n        expect(res.statusCode).to.be.equal(403);\n        done();\n    });",
              "err": {},
              "uuid": "eb0d0445-bd15-407e-894a-a8a55c206aa8",
              "parentUUID": "7d2755aa-d47b-4c6d-a961-066779532a49",
              "isHook": false,
              "skipped": false
            },
            {
              "title": "should successfully pass the test for get api with false token",
              "fullTitle": "Test Api cpu using supertest should successfully pass the test for get api with false token",
              "timedOut": false,
              "duration": 2,
              "state": "passed",
              "speed": "fast",
              "pass": true,
              "fail": false,
              "pending": false,
              "context": null,
              "code": "request(baseurl)\n    .get('/api/cpu')\n    .set('x-auth-token', 'false token')\n    .end(function (err, res) {\n        expect(res.statusCode).to.be.equal(400);\n        done();\n    });",
              "err": {},
              "uuid": "4568504d-cd2a-4c3e-bb49-2e0441f7eef1",
              "parentUUID": "7d2755aa-d47b-4c6d-a961-066779532a49",
              "isHook": false,
              "skipped": false
            },
            {
              "title": "should successfully pass the test for get api with empty token",
              "fullTitle": "Test Api cpu using supertest should successfully pass the test for get api with empty token",
              "timedOut": false,
              "duration": 3,
              "state": "passed",
              "speed": "fast",
              "pass": true,
              "fail": false,
              "pending": false,
              "context": null,
              "code": "request(baseurl)\n    .get('/api/cpu')\n    .set('x-auth-token', '')\n    .end(function (err, res) {\n        expect(res.statusCode).to.be.equal(403);\n        done();\n    });",
              "err": {},
              "uuid": "8afaed56-a23f-46f6-a1e7-32f5fa6545cb",
              "parentUUID": "7d2755aa-d47b-4c6d-a961-066779532a49",
              "isHook": false,
              "skipped": false
            }
          ],
          "suites": [],
          "passes": [
            "34494dfc-ee35-42e4-a682-259fa891c4a1",
            "eb0d0445-bd15-407e-894a-a8a55c206aa8",
            "4568504d-cd2a-4c3e-bb49-2e0441f7eef1",
            "8afaed56-a23f-46f6-a1e7-32f5fa6545cb"
          ],
          "failures": [],
          "pending": [],
          "skipped": [],
          "duration": 111,
          "root": false,
          "rootEmpty": false,
          "_timeout": 2000
        },
        {
          "uuid": "c60e508e-430c-44e9-a097-d002932c66b4",
          "title": "Test Api disk using supertest",
          "fullFile": "/home/ubuntu/system/nuxt_dev/dev_app/servermetrics/tests/memory.spec.js",
          "file": "/tests/memory.spec.js",
          "beforeHooks": [],
          "afterHooks": [],
          "tests": [
            {
              "title": "should successfully pass the test for get api with token :",
              "fullTitle": "Test Api disk using supertest should successfully pass the test for get api with token :",
              "timedOut": false,
              "duration": 80,
              "state": "passed",
              "speed": "slow",
              "pass": true,
              "fail": false,
              "pending": false,
              "context": null,
              "code": "request(baseurl)\n    .get('/api/disk')\n    .set('Accept', 'application/json')\n    .set('Content-Type', 'application/json')\n    .set('x-auth-token',  token)\n    .end(function (err, res) {\n        expect(res.statusCode).to.be.equal(200);\n        expect(res.body).not.to.be.empty;\n        done();\n    });",
              "err": {},
              "uuid": "c75ccc2b-ce2f-4f7c-a55b-5f5da1004c0c",
              "parentUUID": "c60e508e-430c-44e9-a097-d002932c66b4",
              "isHook": false,
              "skipped": false
            },
            {
              "title": "should successfully pass the test for get api without token",
              "fullTitle": "Test Api disk using supertest should successfully pass the test for get api without token",
              "timedOut": false,
              "duration": 4,
              "state": "passed",
              "speed": "fast",
              "pass": true,
              "fail": false,
              "pending": false,
              "context": null,
              "code": "request(baseurl)\n    .get('/api/disk')\n    .end(function (err, res) {\n        expect(res.statusCode).to.be.equal(403);\n        done();\n    });",
              "err": {},
              "uuid": "c7468de8-4a2c-4282-8ba1-2074f4980cf6",
              "parentUUID": "c60e508e-430c-44e9-a097-d002932c66b4",
              "isHook": false,
              "skipped": false
            },
            {
              "title": "should successfully pass the test for get api with false token",
              "fullTitle": "Test Api disk using supertest should successfully pass the test for get api with false token",
              "timedOut": false,
              "duration": 4,
              "state": "passed",
              "speed": "fast",
              "pass": true,
              "fail": false,
              "pending": false,
              "context": null,
              "code": "request(baseurl)\n    .get('/api/disk')\n    .set('x-auth-token', 'false token')\n    .end(function (err, res) {\n        expect(res.statusCode).to.be.equal(400);\n        done();\n    });",
              "err": {},
              "uuid": "c4f71333-2921-4ffa-b732-ab590bd0fbdc",
              "parentUUID": "c60e508e-430c-44e9-a097-d002932c66b4",
              "isHook": false,
              "skipped": false
            },
            {
              "title": "should successfully pass the test for get api with empty token",
              "fullTitle": "Test Api disk using supertest should successfully pass the test for get api with empty token",
              "timedOut": false,
              "duration": 4,
              "state": "passed",
              "speed": "fast",
              "pass": true,
              "fail": false,
              "pending": false,
              "context": null,
              "code": "request(baseurl)\n    .get('/api/disk')\n    .set('x-auth-token', '')\n    .end(function (err, res) {\n        expect(res.statusCode).to.be.equal(403);\n        done();\n    });",
              "err": {},
              "uuid": "8e41a61d-d55e-44fe-aa60-544f22c2058b",
              "parentUUID": "c60e508e-430c-44e9-a097-d002932c66b4",
              "isHook": false,
              "skipped": false
            }
          ],
          "suites": [],
          "passes": [
            "c75ccc2b-ce2f-4f7c-a55b-5f5da1004c0c",
            "c7468de8-4a2c-4282-8ba1-2074f4980cf6",
            "c4f71333-2921-4ffa-b732-ab590bd0fbdc",
            "8e41a61d-d55e-44fe-aa60-544f22c2058b"
          ],
          "failures": [],
          "pending": [],
          "skipped": [],
          "duration": 92,
          "root": false,
          "rootEmpty": false,
          "_timeout": 2000
        },
        {
          "uuid": "ff10356d-10aa-4396-946b-2919c4917c0d",
          "title": "Test Api docker using supertest",
          "fullFile": "/home/ubuntu/system/nuxt_dev/dev_app/servermetrics/tests/memory.spec.js",
          "file": "/tests/memory.spec.js",
          "beforeHooks": [],
          "afterHooks": [],
          "tests": [
            {
              "title": "should successfully pass the test for get api with token :",
              "fullTitle": "Test Api docker using supertest should successfully pass the test for get api with token :",
              "timedOut": false,
              "duration": 127,
              "state": "passed",
              "speed": "slow",
              "pass": true,
              "fail": false,
              "pending": false,
              "context": null,
              "code": "request(baseurl)\n    .get('/api/docker')\n    .set('Accept', 'application/json')\n    .set('Content-Type', 'application/json')\n    .set('x-auth-token',  token)\n    .end(function (err, res) {\n        expect(res.statusCode).to.be.equal(200);\n        expect(res.body).not.to.be.empty;\n        done();\n    });",
              "err": {},
              "uuid": "1d87e037-7dbd-4f8a-9530-62ad296d46e0",
              "parentUUID": "ff10356d-10aa-4396-946b-2919c4917c0d",
              "isHook": false,
              "skipped": false
            },
            {
              "title": "should successfully pass the test for get api without token",
              "fullTitle": "Test Api docker using supertest should successfully pass the test for get api without token",
              "timedOut": false,
              "duration": 4,
              "state": "passed",
              "speed": "fast",
              "pass": true,
              "fail": false,
              "pending": false,
              "context": null,
              "code": "request(baseurl)\n    .get('/api/docker')\n    .end(function (err, res) {\n        expect(res.statusCode).to.be.equal(403);\n        done();\n    });",
              "err": {},
              "uuid": "611c44db-cb1c-4faa-a9cd-f17a3551370f",
              "parentUUID": "ff10356d-10aa-4396-946b-2919c4917c0d",
              "isHook": false,
              "skipped": false
            },
            {
              "title": "should successfully pass the test for get api with false token",
              "fullTitle": "Test Api docker using supertest should successfully pass the test for get api with false token",
              "timedOut": false,
              "duration": 4,
              "state": "passed",
              "speed": "fast",
              "pass": true,
              "fail": false,
              "pending": false,
              "context": null,
              "code": "request(baseurl)\n    .get('/api/docker')\n    .set('x-auth-token', 'false token')\n    .end(function (err, res) {\n        expect(res.statusCode).to.be.equal(400);\n        done();\n    });",
              "err": {},
              "uuid": "a15d0825-fd01-4fe5-8452-8f4d69c2c0cf",
              "parentUUID": "ff10356d-10aa-4396-946b-2919c4917c0d",
              "isHook": false,
              "skipped": false
            },
            {
              "title": "should successfully pass the test for get api with empty token",
              "fullTitle": "Test Api docker using supertest should successfully pass the test for get api with empty token",
              "timedOut": false,
              "duration": 4,
              "state": "passed",
              "speed": "fast",
              "pass": true,
              "fail": false,
              "pending": false,
              "context": null,
              "code": "request(baseurl)\n    .get('/api/docker')\n    .set('x-auth-token', '')\n    .end(function (err, res) {\n        expect(res.statusCode).to.be.equal(403);\n        done();\n    });",
              "err": {},
              "uuid": "1e0ae962-5816-4f04-88c3-c7869dc0add1",
              "parentUUID": "ff10356d-10aa-4396-946b-2919c4917c0d",
              "isHook": false,
              "skipped": false
            }
          ],
          "suites": [],
          "passes": [
            "1d87e037-7dbd-4f8a-9530-62ad296d46e0",
            "611c44db-cb1c-4faa-a9cd-f17a3551370f",
            "a15d0825-fd01-4fe5-8452-8f4d69c2c0cf",
            "1e0ae962-5816-4f04-88c3-c7869dc0add1"
          ],
          "failures": [],
          "pending": [],
          "skipped": [],
          "duration": 139,
          "root": false,
          "rootEmpty": false,
          "_timeout": 2000
        },
        {
          "uuid": "0c32e270-61d6-4842-96d9-2f018746109d",
          "title": "Test Api memory using supertest",
          "fullFile": "/home/ubuntu/system/nuxt_dev/dev_app/servermetrics/tests/memory.spec.js",
          "file": "/tests/memory.spec.js",
          "beforeHooks": [],
          "afterHooks": [],
          "tests": [
            {
              "title": "should successfully pass the test for get api with token :",
              "fullTitle": "Test Api memory using supertest should successfully pass the test for get api with token :",
              "timedOut": false,
              "duration": 99,
              "state": "passed",
              "speed": "slow",
              "pass": true,
              "fail": false,
              "pending": false,
              "context": null,
              "code": "request(baseurl)\n    .get('/api/memory')\n    .set('Accept', 'application/json')\n    .set('Content-Type', 'application/json')\n    .set('x-auth-token',  token)\n    .end(function (err, res) {\n        expect(res.statusCode).to.be.equal(200);\n        expect(res.body).not.to.be.empty;\n        done();\n    });",
              "err": {},
              "uuid": "d9acbbb2-810d-421e-bf55-a8dcf7b9f0e8",
              "parentUUID": "0c32e270-61d6-4842-96d9-2f018746109d",
              "isHook": false,
              "skipped": false
            },
            {
              "title": "should successfully pass the test for get api without token",
              "fullTitle": "Test Api memory using supertest should successfully pass the test for get api without token",
              "timedOut": false,
              "duration": 3,
              "state": "passed",
              "speed": "fast",
              "pass": true,
              "fail": false,
              "pending": false,
              "context": null,
              "code": "request(baseurl)\n    .get('/api/memory')\n    .end(function (err, res) {\n        expect(res.statusCode).to.be.equal(403);\n        done();\n    });",
              "err": {},
              "uuid": "021c5718-f64b-4252-8941-fdbf823431f4",
              "parentUUID": "0c32e270-61d6-4842-96d9-2f018746109d",
              "isHook": false,
              "skipped": false
            },
            {
              "title": "should successfully pass the test for get api with false token",
              "fullTitle": "Test Api memory using supertest should successfully pass the test for get api with false token",
              "timedOut": false,
              "duration": 2,
              "state": "passed",
              "speed": "fast",
              "pass": true,
              "fail": false,
              "pending": false,
              "context": null,
              "code": "request(baseurl)\n    .get('/api/memory')\n    .set('x-auth-token', 'false token')\n    .end(function (err, res) {\n        expect(res.statusCode).to.be.equal(400);\n        done();\n    });",
              "err": {},
              "uuid": "94b0ad4e-553b-4069-bcaf-a1bc566822a9",
              "parentUUID": "0c32e270-61d6-4842-96d9-2f018746109d",
              "isHook": false,
              "skipped": false
            },
            {
              "title": "should successfully pass the test for get api with empty token",
              "fullTitle": "Test Api memory using supertest should successfully pass the test for get api with empty token",
              "timedOut": false,
              "duration": 2,
              "state": "passed",
              "speed": "fast",
              "pass": true,
              "fail": false,
              "pending": false,
              "context": null,
              "code": "request(baseurl)\n    .get('/api/memory')\n    .set('x-auth-token', '')\n    .end(function (err, res) {\n        expect(res.statusCode).to.be.equal(403);\n        done();\n    });",
              "err": {},
              "uuid": "e3fab873-37de-4794-83f4-af49318bc915",
              "parentUUID": "0c32e270-61d6-4842-96d9-2f018746109d",
              "isHook": false,
              "skipped": false
            }
          ],
          "suites": [],
          "passes": [
            "d9acbbb2-810d-421e-bf55-a8dcf7b9f0e8",
            "021c5718-f64b-4252-8941-fdbf823431f4",
            "94b0ad4e-553b-4069-bcaf-a1bc566822a9",
            "e3fab873-37de-4794-83f4-af49318bc915"
          ],
          "failures": [],
          "pending": [],
          "skipped": [],
          "duration": 106,
          "root": false,
          "rootEmpty": false,
          "_timeout": 2000
        }
      ],
      "passes": [],
      "failures": [],
      "pending": [],
      "skipped": [],
      "duration": 0,
      "root": true,
      "rootEmpty": true,
      "_timeout": 2000
    }
  ],
  "meta": {
    "mocha": {
      "version": "10.4.0"
    },
    "mochawesome": {
      "options": {
        "quiet": false,
        "reportFilename": "mochawesome",
        "saveHtml": true,
        "saveJson": true,
        "consoleReporter": "spec",
        "useInlineDiffs": false,
        "code": true
      },
      "version": "7.1.3"
    },
    "marge": {
      "options": null,
      "version": "6.2.0"
    }
  }
}