{
  "stats": {
    "suites": 1,
    "tests": 5,
    "passes": 0,
    "pending": 0,
    "failures": 5,
    "start": "2024-05-12T08:48:47.104Z",
    "end": "2024-05-12T08:48:47.132Z",
    "duration": 28,
    "testsRegistered": 5,
    "passPercent": 0,
    "pendingPercent": 0,
    "other": 0,
    "hasOther": false,
    "skipped": 0,
    "hasSkipped": false
  },
  "results": [
    {
      "uuid": "f0322ce0-9aff-4aeb-ad07-b01fdbc90db3",
      "title": "",
      "fullFile": "/home/ubuntu/system/nuxt_dev/dev_app/servermetrics/tests/auth.spec.js",
      "file": "/tests/auth.spec.js",
      "beforeHooks": [],
      "afterHooks": [],
      "tests": [],
      "suites": [
        {
          "uuid": "e7e2cc30-c02f-4d0f-b5da-7f9c91d5af20",
          "title": "Test Api auth using supertest",
          "fullFile": "/home/ubuntu/system/nuxt_dev/dev_app/servermetrics/tests/auth.spec.js",
          "file": "/tests/auth.spec.js",
          "beforeHooks": [],
          "afterHooks": [],
          "tests": [
            {
              "title": "should successfully pass the test for get api with apikey and secretid",
              "fullTitle": "Test Api auth using supertest should successfully pass the test for get api with apikey and secretid",
              "timedOut": false,
              "duration": 5,
              "state": "failed",
              "speed": null,
              "pass": false,
              "fail": true,
              "pending": false,
              "context": null,
              "code": "request(baseurl)\n\t.post('/api/auth')\n            .send({ apikey: process.env.APIKEY, secretid: process.env.SECRETID })\n\t.set('Accept', 'application/json')\n\t.set('Content-Type', 'application/json')\n\t.end(function (err, res) {\n\t\texpect(res.statusCode).to.be.equal(200);\n\t\texpect(res.body.token).not.to.be.empty;\n\t\tdone();\n\t});",
              "err": {
                "message": "TypeError: Cannot read properties of undefined (reading 'statusCode')",
                "estack": "TypeError: Cannot read properties of undefined (reading 'statusCode')\n    at Test.<anonymous> (tests/auth.spec.js:14:16)\n    at Test.assert (node_modules/supertest/lib/test.js:172:8)\n    at localAssert (node_modules/supertest/lib/test.js:120:14)\n    at /home/ubuntu/system/nuxt_dev/dev_app/servermetrics/node_modules/supertest/lib/test.js:125:7\n    at Request.callback (node_modules/superagent/lib/node/index.js:847:3)\n    at ClientRequest.<anonymous> (node_modules/superagent/lib/node/index.js:770:10)\n    at ClientRequest.emit (node:events:518:28)\n    at Socket.socketErrorListener (node:_http_client:500:9)\n    at Socket.emit (node:events:518:28)\n    at emitErrorNT (node:internal/streams/destroy:169:8)\n    at emitErrorCloseNT (node:internal/streams/destroy:128:3)\n    at process.processTicksAndRejections (node:internal/process/task_queues:82:21)",
                "diff": null
              },
              "uuid": "0edfacd6-5c5e-4564-928b-5c5467f2df26",
              "parentUUID": "e7e2cc30-c02f-4d0f-b5da-7f9c91d5af20",
              "isHook": false,
              "skipped": false
            },
            {
              "title": "should successfully pass the test for get api without apikey and secretid",
              "fullTitle": "Test Api auth using supertest should successfully pass the test for get api without apikey and secretid",
              "timedOut": false,
              "duration": 1,
              "state": "failed",
              "speed": null,
              "pass": false,
              "fail": true,
              "pending": false,
              "context": null,
              "code": "request(baseurl)\n\t.post('/api/auth')\n\t.end(function (err, res) {\n\t\texpect(res.statusCode).to.be.equal(400);\n\t\tdone();\n\t});",
              "err": {
                "message": "TypeError: Cannot read properties of undefined (reading 'statusCode')",
                "estack": "TypeError: Cannot read properties of undefined (reading 'statusCode')\n    at Test.<anonymous> (tests/auth.spec.js:23:16)\n    at Test.assert (node_modules/supertest/lib/test.js:172:8)\n    at localAssert (node_modules/supertest/lib/test.js:120:14)\n    at /home/ubuntu/system/nuxt_dev/dev_app/servermetrics/node_modules/supertest/lib/test.js:125:7\n    at Request.callback (node_modules/superagent/lib/node/index.js:847:3)\n    at ClientRequest.<anonymous> (node_modules/superagent/lib/node/index.js:770:10)\n    at ClientRequest.emit (node:events:518:28)\n    at Socket.socketErrorListener (node:_http_client:500:9)\n    at Socket.emit (node:events:518:28)\n    at emitErrorNT (node:internal/streams/destroy:169:8)\n    at emitErrorCloseNT (node:internal/streams/destroy:128:3)\n    at process.processTicksAndRejections (node:internal/process/task_queues:82:21)",
                "diff": null
              },
              "uuid": "4d4ed581-2b54-46a8-9779-1c4c5b7f971a",
              "parentUUID": "e7e2cc30-c02f-4d0f-b5da-7f9c91d5af20",
              "isHook": false,
              "skipped": false
            },
            {
              "title": "should successfully pass the test for get api without secretid",
              "fullTitle": "Test Api auth using supertest should successfully pass the test for get api without secretid",
              "timedOut": false,
              "duration": 1,
              "state": "failed",
              "speed": null,
              "pass": false,
              "fail": true,
              "pending": false,
              "context": null,
              "code": "request(baseurl)\n\t.post('/api/auth')\n\t.send({ apikey: process.env.APIKEY })\n\t.end(function (err, res) {\n\t\texpect(res.statusCode).to.be.equal(400);\n\t\tdone();\n\t});",
              "err": {
                "message": "TypeError: Cannot read properties of undefined (reading 'statusCode')",
                "estack": "TypeError: Cannot read properties of undefined (reading 'statusCode')\n    at Test.<anonymous> (tests/auth.spec.js:32:16)\n    at Test.assert (node_modules/supertest/lib/test.js:172:8)\n    at localAssert (node_modules/supertest/lib/test.js:120:14)\n    at /home/ubuntu/system/nuxt_dev/dev_app/servermetrics/node_modules/supertest/lib/test.js:125:7\n    at Request.callback (node_modules/superagent/lib/node/index.js:847:3)\n    at ClientRequest.<anonymous> (node_modules/superagent/lib/node/index.js:770:10)\n    at ClientRequest.emit (node:events:518:28)\n    at Socket.socketErrorListener (node:_http_client:500:9)\n    at Socket.emit (node:events:518:28)\n    at emitErrorNT (node:internal/streams/destroy:169:8)\n    at emitErrorCloseNT (node:internal/streams/destroy:128:3)\n    at process.processTicksAndRejections (node:internal/process/task_queues:82:21)",
                "diff": null
              },
              "uuid": "b492327d-8615-49ef-a850-4aeea3b25576",
              "parentUUID": "e7e2cc30-c02f-4d0f-b5da-7f9c91d5af20",
              "isHook": false,
              "skipped": false
            },
            {
              "title": "should successfully pass the test for get api without apikey",
              "fullTitle": "Test Api auth using supertest should successfully pass the test for get api without apikey",
              "timedOut": false,
              "duration": 1,
              "state": "failed",
              "speed": null,
              "pass": false,
              "fail": true,
              "pending": false,
              "context": null,
              "code": "request(baseurl)\n\t.post('/api/auth')\n\t.send({ secretid: process.env.SECRETID })\n\t.end(function (err, res) {\n\t\texpect(res.statusCode).to.be.equal(400);\n\t\tdone();\n\t});",
              "err": {
                "message": "TypeError: Cannot read properties of undefined (reading 'statusCode')",
                "estack": "TypeError: Cannot read properties of undefined (reading 'statusCode')\n    at Test.<anonymous> (tests/auth.spec.js:41:16)\n    at Test.assert (node_modules/supertest/lib/test.js:172:8)\n    at localAssert (node_modules/supertest/lib/test.js:120:14)\n    at /home/ubuntu/system/nuxt_dev/dev_app/servermetrics/node_modules/supertest/lib/test.js:125:7\n    at Request.callback (node_modules/superagent/lib/node/index.js:847:3)\n    at ClientRequest.<anonymous> (node_modules/superagent/lib/node/index.js:770:10)\n    at ClientRequest.emit (node:events:518:28)\n    at Socket.socketErrorListener (node:_http_client:500:9)\n    at Socket.emit (node:events:518:28)\n    at emitErrorNT (node:internal/streams/destroy:169:8)\n    at emitErrorCloseNT (node:internal/streams/destroy:128:3)\n    at process.processTicksAndRejections (node:internal/process/task_queues:82:21)",
                "diff": null
              },
              "uuid": "658372db-1eb9-4152-b233-d48f770de189",
              "parentUUID": "e7e2cc30-c02f-4d0f-b5da-7f9c91d5af20",
              "isHook": false,
              "skipped": false
            },
            {
              "title": "should successfully pass the test for get api with false apikey and secretid",
              "fullTitle": "Test Api auth using supertest should successfully pass the test for get api with false apikey and secretid",
              "timedOut": false,
              "duration": 1,
              "state": "failed",
              "speed": null,
              "pass": false,
              "fail": true,
              "pending": false,
              "context": null,
              "code": "request(baseurl)\n\t.post('/api/auth')\n\t.send({ apikey: \"falsekey\", secretid: \"falsesecret\" })\n\t.end(function (err, res) {\n\t\texpect(res.statusCode).to.be.equal(400);\n\t\tdone();\n\t});",
              "err": {
                "message": "TypeError: Cannot read properties of undefined (reading 'statusCode')",
                "estack": "TypeError: Cannot read properties of undefined (reading 'statusCode')\n    at Test.<anonymous> (tests/auth.spec.js:50:16)\n    at Test.assert (node_modules/supertest/lib/test.js:172:8)\n    at localAssert (node_modules/supertest/lib/test.js:120:14)\n    at /home/ubuntu/system/nuxt_dev/dev_app/servermetrics/node_modules/supertest/lib/test.js:125:7\n    at Request.callback (node_modules/superagent/lib/node/index.js:847:3)\n    at ClientRequest.<anonymous> (node_modules/superagent/lib/node/index.js:770:10)\n    at ClientRequest.emit (node:events:518:28)\n    at Socket.socketErrorListener (node:_http_client:500:9)\n    at Socket.emit (node:events:518:28)\n    at emitErrorNT (node:internal/streams/destroy:169:8)\n    at emitErrorCloseNT (node:internal/streams/destroy:128:3)\n    at process.processTicksAndRejections (node:internal/process/task_queues:82:21)",
                "diff": null
              },
              "uuid": "13739fa4-824b-4c82-be2a-3675ccb47726",
              "parentUUID": "e7e2cc30-c02f-4d0f-b5da-7f9c91d5af20",
              "isHook": false,
              "skipped": false
            }
          ],
          "suites": [],
          "passes": [],
          "failures": [
            "0edfacd6-5c5e-4564-928b-5c5467f2df26",
            "4d4ed581-2b54-46a8-9779-1c4c5b7f971a",
            "b492327d-8615-49ef-a850-4aeea3b25576",
            "658372db-1eb9-4152-b233-d48f770de189",
            "13739fa4-824b-4c82-be2a-3675ccb47726"
          ],
          "pending": [],
          "skipped": [],
          "duration": 9,
          "root": false,
          "rootEmpty": false,
          "_timeout": 2000
        }
      ],
      "passes": [],
      "failures": [],
      "pending": [],
      "skipped": [],
      "duration": 0,
      "root": true,
      "rootEmpty": true,
      "_timeout": 2000
    }
  ],
  "meta": {
    "mocha": {
      "version": "10.4.0"
    },
    "mochawesome": {
      "options": {
        "quiet": false,
        "reportFilename": "mochawesome",
        "saveHtml": true,
        "saveJson": true,
        "consoleReporter": "spec",
        "useInlineDiffs": false,
        "code": true
      },
      "version": "7.1.3"
    },
    "marge": {
      "options": null,
      "version": "6.2.0"
    }
  }
}