{
  "stats": {
    "suites": 5,
    "tests": 21,
    "passes": 21,
    "pending": 0,
    "failures": 0,
    "start": "2024-05-11T14:12:39.402Z",
    "end": "2024-05-11T14:12:39.884Z",
    "duration": 482,
    "testsRegistered": 21,
    "passPercent": 100,
    "pendingPercent": 0,
    "other": 0,
    "hasOther": false,
    "skipped": 0,
    "hasSkipped": false
  },
  "results": [
    {
      "uuid": "a935cf3a-75d2-40bc-afbd-39ec64da971f",
      "title": "",
      "fullFile": "",
      "file": "",
      "beforeHooks": [],
      "afterHooks": [],
      "tests": [],
      "suites": [
        {
          "uuid": "adf710c9-1284-4b07-896f-12130db3cd2f",
          "title": "Test Api auth using supertest",
          "fullFile": "/home/ubuntu/system/nuxt_dev/dev_app/servermetrics/tests/auth.spec.js",
          "file": "/tests/auth.spec.js",
          "beforeHooks": [],
          "afterHooks": [],
          "tests": [
            {
              "title": "should successfully pass the test for get api with apikey and secretid",
              "fullTitle": "Test Api auth using supertest should successfully pass the test for get api with apikey and secretid",
              "timedOut": false,
              "duration": 33,
              "state": "passed",
              "speed": "fast",
              "pass": true,
              "fail": false,
              "pending": false,
              "context": null,
              "code": "request(baseurl)\n\t.post('/api/auth')\n            .send({ apikey: process.env.APIKEY, secretid: process.env.SECRETID })\n\t.set('Accept', 'application/json')\n\t.set('Content-Type', 'application/json')\n\t.end(function (err, res) {\n\t\texpect(res.statusCode).to.be.equal(200);\n\t\texpect(res.body).not.to.be.empty;\n\t\tdone();\n\t});",
              "err": {},
              "uuid": "3e1c5669-1306-431b-ab47-c1d9e8bd1aee",
              "parentUUID": "adf710c9-1284-4b07-896f-12130db3cd2f",
              "isHook": false,
              "skipped": false
            },
            {
              "title": "should successfully pass the test for get api without apikey and secretid",
              "fullTitle": "Test Api auth using supertest should successfully pass the test for get api without apikey and secretid",
              "timedOut": false,
              "duration": 2,
              "state": "passed",
              "speed": "fast",
              "pass": true,
              "fail": false,
              "pending": false,
              "context": null,
              "code": "request(baseurl)\n\t.post('/api/auth')\n\t.end(function (err, res) {\n\t\texpect(res.statusCode).to.be.equal(400);\n\t\tdone();\n\t});",
              "err": {},
              "uuid": "5d599748-0f5b-4773-b495-abf8f4f24cf8",
              "parentUUID": "adf710c9-1284-4b07-896f-12130db3cd2f",
              "isHook": false,
              "skipped": false
            },
            {
              "title": "should successfully pass the test for get api without secretid",
              "fullTitle": "Test Api auth using supertest should successfully pass the test for get api without secretid",
              "timedOut": false,
              "duration": 3,
              "state": "passed",
              "speed": "fast",
              "pass": true,
              "fail": false,
              "pending": false,
              "context": null,
              "code": "request(baseurl)\n\t.post('/api/auth')\n\t.send({ apikey: process.env.APIKEY })\n\t.end(function (err, res) {\n\t\texpect(res.statusCode).to.be.equal(400);\n\t\tdone();\n\t});",
              "err": {},
              "uuid": "d4d7ff86-102c-4a9a-bf9d-d4a16d8d2ba0",
              "parentUUID": "adf710c9-1284-4b07-896f-12130db3cd2f",
              "isHook": false,
              "skipped": false
            },
            {
              "title": "should successfully pass the test for get api without apikey",
              "fullTitle": "Test Api auth using supertest should successfully pass the test for get api without apikey",
              "timedOut": false,
              "duration": 2,
              "state": "passed",
              "speed": "fast",
              "pass": true,
              "fail": false,
              "pending": false,
              "context": null,
              "code": "request(baseurl)\n\t.post('/api/auth')\n\t.send({ secretid: process.env.SECRETID })\n\t.end(function (err, res) {\n\t\texpect(res.statusCode).to.be.equal(400);\n\t\tdone();\n\t});",
              "err": {},
              "uuid": "172c73a9-0adf-4c1f-9036-546463f8a539",
              "parentUUID": "adf710c9-1284-4b07-896f-12130db3cd2f",
              "isHook": false,
              "skipped": false
            },
            {
              "title": "should successfully pass the test for get api with false apikey and secretid",
              "fullTitle": "Test Api auth using supertest should successfully pass the test for get api with false apikey and secretid",
              "timedOut": false,
              "duration": 3,
              "state": "passed",
              "speed": "fast",
              "pass": true,
              "fail": false,
              "pending": false,
              "context": null,
              "code": "request(baseurl)\n\t.post('/api/auth')\n\t.send({ apikey: \"falsekey\", secretid: \"falsesecret\" })\n\t.end(function (err, res) {\n\t\texpect(res.statusCode).to.be.equal(400);\n\t\tdone();\n\t});",
              "err": {},
              "uuid": "f2943071-8b99-4a97-99f2-8f02e92297f1",
              "parentUUID": "adf710c9-1284-4b07-896f-12130db3cd2f",
              "isHook": false,
              "skipped": false
            }
          ],
          "suites": [],
          "passes": [
            "3e1c5669-1306-431b-ab47-c1d9e8bd1aee",
            "5d599748-0f5b-4773-b495-abf8f4f24cf8",
            "d4d7ff86-102c-4a9a-bf9d-d4a16d8d2ba0",
            "172c73a9-0adf-4c1f-9036-546463f8a539",
            "f2943071-8b99-4a97-99f2-8f02e92297f1"
          ],
          "failures": [],
          "pending": [],
          "skipped": [],
          "duration": 43,
          "root": false,
          "rootEmpty": false,
          "_timeout": 2000
        },
        {
          "uuid": "a2ce8469-4008-4e88-8265-cabde999259b",
          "title": "Test Api cpu using supertest",
          "fullFile": "/home/ubuntu/system/nuxt_dev/dev_app/servermetrics/tests/memory.spec.js",
          "file": "/tests/memory.spec.js",
          "beforeHooks": [],
          "afterHooks": [],
          "tests": [
            {
              "title": "should successfully pass the test for get api with token :",
              "fullTitle": "Test Api cpu using supertest should successfully pass the test for get api with token :",
              "timedOut": false,
              "duration": 105,
              "state": "passed",
              "speed": "slow",
              "pass": true,
              "fail": false,
              "pending": false,
              "context": null,
              "code": "request(baseurl)\n    .get('/api/cpu')\n    .set('Accept', 'application/json')\n    .set('Content-Type', 'application/json')\n    .set('x-auth-token',  token)\n    .end(function (err, res) {\n        expect(res.statusCode).to.be.equal(200);\n        expect(res.body).not.to.be.empty;\n        done();\n    });",
              "err": {},
              "uuid": "0e9c0ee7-1e46-429a-8826-e5db205ae07f",
              "parentUUID": "a2ce8469-4008-4e88-8265-cabde999259b",
              "isHook": false,
              "skipped": false
            },
            {
              "title": "should successfully pass the test for get api without token",
              "fullTitle": "Test Api cpu using supertest should successfully pass the test for get api without token",
              "timedOut": false,
              "duration": 3,
              "state": "passed",
              "speed": "fast",
              "pass": true,
              "fail": false,
              "pending": false,
              "context": null,
              "code": "request(baseurl)\n    .get('/api/cpu')\n    .end(function (err, res) {\n        expect(res.statusCode).to.be.equal(403);\n        done();\n    });",
              "err": {},
              "uuid": "c514d729-6c49-45cc-b7cf-76017a0efba5",
              "parentUUID": "a2ce8469-4008-4e88-8265-cabde999259b",
              "isHook": false,
              "skipped": false
            },
            {
              "title": "should successfully pass the test for get api with false token",
              "fullTitle": "Test Api cpu using supertest should successfully pass the test for get api with false token",
              "timedOut": false,
              "duration": 3,
              "state": "passed",
              "speed": "fast",
              "pass": true,
              "fail": false,
              "pending": false,
              "context": null,
              "code": "request(baseurl)\n    .get('/api/cpu')\n    .set('x-auth-token', 'false token')\n    .end(function (err, res) {\n        expect(res.statusCode).to.be.equal(400);\n        done();\n    });",
              "err": {},
              "uuid": "38867c0e-ba1b-436b-b59c-025afb8447a0",
              "parentUUID": "a2ce8469-4008-4e88-8265-cabde999259b",
              "isHook": false,
              "skipped": false
            },
            {
              "title": "should successfully pass the test for get api with empty token",
              "fullTitle": "Test Api cpu using supertest should successfully pass the test for get api with empty token",
              "timedOut": false,
              "duration": 3,
              "state": "passed",
              "speed": "fast",
              "pass": true,
              "fail": false,
              "pending": false,
              "context": null,
              "code": "request(baseurl)\n    .get('/api/cpu')\n    .set('x-auth-token', '')\n    .end(function (err, res) {\n        expect(res.statusCode).to.be.equal(403);\n        done();\n    });",
              "err": {},
              "uuid": "c21a49f8-16a9-44f2-b18e-f557f6e665fd",
              "parentUUID": "a2ce8469-4008-4e88-8265-cabde999259b",
              "isHook": false,
              "skipped": false
            }
          ],
          "suites": [],
          "passes": [
            "0e9c0ee7-1e46-429a-8826-e5db205ae07f",
            "c514d729-6c49-45cc-b7cf-76017a0efba5",
            "38867c0e-ba1b-436b-b59c-025afb8447a0",
            "c21a49f8-16a9-44f2-b18e-f557f6e665fd"
          ],
          "failures": [],
          "pending": [],
          "skipped": [],
          "duration": 114,
          "root": false,
          "rootEmpty": false,
          "_timeout": 2000
        },
        {
          "uuid": "ffc1b7a1-f02a-44d0-b0b4-c6f7b42e0835",
          "title": "Test Api disk using supertest",
          "fullFile": "/home/ubuntu/system/nuxt_dev/dev_app/servermetrics/tests/memory.spec.js",
          "file": "/tests/memory.spec.js",
          "beforeHooks": [],
          "afterHooks": [],
          "tests": [
            {
              "title": "should successfully pass the test for get api with token :",
              "fullTitle": "Test Api disk using supertest should successfully pass the test for get api with token :",
              "timedOut": false,
              "duration": 79,
              "state": "passed",
              "speed": "slow",
              "pass": true,
              "fail": false,
              "pending": false,
              "context": null,
              "code": "request(baseurl)\n    .get('/api/disk')\n    .set('Accept', 'application/json')\n    .set('Content-Type', 'application/json')\n    .set('x-auth-token',  token)\n    .end(function (err, res) {\n        expect(res.statusCode).to.be.equal(200);\n        expect(res.body).not.to.be.empty;\n        done();\n    });",
              "err": {},
              "uuid": "236530e9-3549-462e-aa3e-b31b89fb05e3",
              "parentUUID": "ffc1b7a1-f02a-44d0-b0b4-c6f7b42e0835",
              "isHook": false,
              "skipped": false
            },
            {
              "title": "should successfully pass the test for get api without token",
              "fullTitle": "Test Api disk using supertest should successfully pass the test for get api without token",
              "timedOut": false,
              "duration": 4,
              "state": "passed",
              "speed": "fast",
              "pass": true,
              "fail": false,
              "pending": false,
              "context": null,
              "code": "request(baseurl)\n    .get('/api/disk')\n    .end(function (err, res) {\n        expect(res.statusCode).to.be.equal(403);\n        done();\n    });",
              "err": {},
              "uuid": "8aaaa86a-df11-4481-8682-a23dc52e3433",
              "parentUUID": "ffc1b7a1-f02a-44d0-b0b4-c6f7b42e0835",
              "isHook": false,
              "skipped": false
            },
            {
              "title": "should successfully pass the test for get api with false token",
              "fullTitle": "Test Api disk using supertest should successfully pass the test for get api with false token",
              "timedOut": false,
              "duration": 4,
              "state": "passed",
              "speed": "fast",
              "pass": true,
              "fail": false,
              "pending": false,
              "context": null,
              "code": "request(baseurl)\n    .get('/api/disk')\n    .set('x-auth-token', 'false token')\n    .end(function (err, res) {\n        expect(res.statusCode).to.be.equal(400);\n        done();\n    });",
              "err": {},
              "uuid": "d8f979c5-8090-4b45-a218-25d691b8aaca",
              "parentUUID": "ffc1b7a1-f02a-44d0-b0b4-c6f7b42e0835",
              "isHook": false,
              "skipped": false
            },
            {
              "title": "should successfully pass the test for get api with empty token",
              "fullTitle": "Test Api disk using supertest should successfully pass the test for get api with empty token",
              "timedOut": false,
              "duration": 4,
              "state": "passed",
              "speed": "fast",
              "pass": true,
              "fail": false,
              "pending": false,
              "context": null,
              "code": "request(baseurl)\n    .get('/api/disk')\n    .set('x-auth-token', '')\n    .end(function (err, res) {\n        expect(res.statusCode).to.be.equal(403);\n        done();\n    });",
              "err": {},
              "uuid": "7d52df66-7b70-40ee-903b-1462e8fbec2e",
              "parentUUID": "ffc1b7a1-f02a-44d0-b0b4-c6f7b42e0835",
              "isHook": false,
              "skipped": false
            }
          ],
          "suites": [],
          "passes": [
            "236530e9-3549-462e-aa3e-b31b89fb05e3",
            "8aaaa86a-df11-4481-8682-a23dc52e3433",
            "d8f979c5-8090-4b45-a218-25d691b8aaca",
            "7d52df66-7b70-40ee-903b-1462e8fbec2e"
          ],
          "failures": [],
          "pending": [],
          "skipped": [],
          "duration": 91,
          "root": false,
          "rootEmpty": false,
          "_timeout": 2000
        },
        {
          "uuid": "d89c7485-cbe6-4778-856a-8ab8b66086ae",
          "title": "Test Api docker using supertest",
          "fullFile": "/home/ubuntu/system/nuxt_dev/dev_app/servermetrics/tests/memory.spec.js",
          "file": "/tests/memory.spec.js",
          "beforeHooks": [],
          "afterHooks": [],
          "tests": [
            {
              "title": "should successfully pass the test for get api with token :",
              "fullTitle": "Test Api docker using supertest should successfully pass the test for get api with token :",
              "timedOut": false,
              "duration": 114,
              "state": "passed",
              "speed": "slow",
              "pass": true,
              "fail": false,
              "pending": false,
              "context": null,
              "code": "request(baseurl)\n    .get('/api/docker')\n    .set('Accept', 'application/json')\n    .set('Content-Type', 'application/json')\n    .set('x-auth-token',  token)\n    .end(function (err, res) {\n        expect(res.statusCode).to.be.equal(200);\n        expect(res.body).not.to.be.empty;\n        done();\n    });",
              "err": {},
              "uuid": "4d77e748-ad37-469f-823c-f3149454af63",
              "parentUUID": "d89c7485-cbe6-4778-856a-8ab8b66086ae",
              "isHook": false,
              "skipped": false
            },
            {
              "title": "should successfully pass the test for get api without token",
              "fullTitle": "Test Api docker using supertest should successfully pass the test for get api without token",
              "timedOut": false,
              "duration": 3,
              "state": "passed",
              "speed": "fast",
              "pass": true,
              "fail": false,
              "pending": false,
              "context": null,
              "code": "request(baseurl)\n    .get('/api/docker')\n    .end(function (err, res) {\n        expect(res.statusCode).to.be.equal(403);\n        done();\n    });",
              "err": {},
              "uuid": "dccd5d7e-60da-4394-9f03-bf181a0a42b8",
              "parentUUID": "d89c7485-cbe6-4778-856a-8ab8b66086ae",
              "isHook": false,
              "skipped": false
            },
            {
              "title": "should successfully pass the test for get api with false token",
              "fullTitle": "Test Api docker using supertest should successfully pass the test for get api with false token",
              "timedOut": false,
              "duration": 3,
              "state": "passed",
              "speed": "fast",
              "pass": true,
              "fail": false,
              "pending": false,
              "context": null,
              "code": "request(baseurl)\n    .get('/api/docker')\n    .set('x-auth-token', 'false token')\n    .end(function (err, res) {\n        expect(res.statusCode).to.be.equal(400);\n        done();\n    });",
              "err": {},
              "uuid": "bded981e-1e96-424e-be0f-569184c4ac65",
              "parentUUID": "d89c7485-cbe6-4778-856a-8ab8b66086ae",
              "isHook": false,
              "skipped": false
            },
            {
              "title": "should successfully pass the test for get api with empty token",
              "fullTitle": "Test Api docker using supertest should successfully pass the test for get api with empty token",
              "timedOut": false,
              "duration": 3,
              "state": "passed",
              "speed": "fast",
              "pass": true,
              "fail": false,
              "pending": false,
              "context": null,
              "code": "request(baseurl)\n    .get('/api/docker')\n    .set('x-auth-token', '')\n    .end(function (err, res) {\n        expect(res.statusCode).to.be.equal(403);\n        done();\n    });",
              "err": {},
              "uuid": "d287ef34-25aa-4997-8d30-f63b16894144",
              "parentUUID": "d89c7485-cbe6-4778-856a-8ab8b66086ae",
              "isHook": false,
              "skipped": false
            }
          ],
          "suites": [],
          "passes": [
            "4d77e748-ad37-469f-823c-f3149454af63",
            "dccd5d7e-60da-4394-9f03-bf181a0a42b8",
            "bded981e-1e96-424e-be0f-569184c4ac65",
            "d287ef34-25aa-4997-8d30-f63b16894144"
          ],
          "failures": [],
          "pending": [],
          "skipped": [],
          "duration": 123,
          "root": false,
          "rootEmpty": false,
          "_timeout": 2000
        },
        {
          "uuid": "49c7a12c-54b3-4213-a05e-585bff1d6d0c",
          "title": "Test Api memory using supertest",
          "fullFile": "/home/ubuntu/system/nuxt_dev/dev_app/servermetrics/tests/memory.spec.js",
          "file": "/tests/memory.spec.js",
          "beforeHooks": [],
          "afterHooks": [],
          "tests": [
            {
              "title": "should successfully pass the test for get api with token :",
              "fullTitle": "Test Api memory using supertest should successfully pass the test for get api with token :",
              "timedOut": false,
              "duration": 91,
              "state": "passed",
              "speed": "slow",
              "pass": true,
              "fail": false,
              "pending": false,
              "context": null,
              "code": "request(baseurl)\n    .get('/api/memory')\n    .set('Accept', 'application/json')\n    .set('Content-Type', 'application/json')\n    .set('x-auth-token',  token)\n    .end(function (err, res) {\n        expect(res.statusCode).to.be.equal(200);\n        expect(res.body).not.to.be.empty;\n        done();\n    });",
              "err": {},
              "uuid": "ff2962ea-1ea1-44e1-9fcb-482fcefb0f89",
              "parentUUID": "49c7a12c-54b3-4213-a05e-585bff1d6d0c",
              "isHook": false,
              "skipped": false
            },
            {
              "title": "should successfully pass the test for get api without token",
              "fullTitle": "Test Api memory using supertest should successfully pass the test for get api without token",
              "timedOut": false,
              "duration": 2,
              "state": "passed",
              "speed": "fast",
              "pass": true,
              "fail": false,
              "pending": false,
              "context": null,
              "code": "request(baseurl)\n    .get('/api/memory')\n    .end(function (err, res) {\n        expect(res.statusCode).to.be.equal(403);\n        done();\n    });",
              "err": {},
              "uuid": "00ee8ff0-df9e-48f5-a153-e1ddcd49c6b4",
              "parentUUID": "49c7a12c-54b3-4213-a05e-585bff1d6d0c",
              "isHook": false,
              "skipped": false
            },
            {
              "title": "should successfully pass the test for get api with false token",
              "fullTitle": "Test Api memory using supertest should successfully pass the test for get api with false token",
              "timedOut": false,
              "duration": 2,
              "state": "passed",
              "speed": "fast",
              "pass": true,
              "fail": false,
              "pending": false,
              "context": null,
              "code": "request(baseurl)\n    .get('/api/memory')\n    .set('x-auth-token', 'false token')\n    .end(function (err, res) {\n        expect(res.statusCode).to.be.equal(400);\n        done();\n    });",
              "err": {},
              "uuid": "e92d70c2-a907-4d1d-bc67-b9ea803f6cf7",
              "parentUUID": "49c7a12c-54b3-4213-a05e-585bff1d6d0c",
              "isHook": false,
              "skipped": false
            },
            {
              "title": "should successfully pass the test for get api with empty token",
              "fullTitle": "Test Api memory using supertest should successfully pass the test for get api with empty token",
              "timedOut": false,
              "duration": 2,
              "state": "passed",
              "speed": "fast",
              "pass": true,
              "fail": false,
              "pending": false,
              "context": null,
              "code": "request(baseurl)\n    .get('/api/memory')\n    .set('x-auth-token', '')\n    .end(function (err, res) {\n        expect(res.statusCode).to.be.equal(403);\n        done();\n    });",
              "err": {},
              "uuid": "5f1ed645-e548-469f-ab69-9ca715890a93",
              "parentUUID": "49c7a12c-54b3-4213-a05e-585bff1d6d0c",
              "isHook": false,
              "skipped": false
            }
          ],
          "suites": [],
          "passes": [
            "ff2962ea-1ea1-44e1-9fcb-482fcefb0f89",
            "00ee8ff0-df9e-48f5-a153-e1ddcd49c6b4",
            "e92d70c2-a907-4d1d-bc67-b9ea803f6cf7",
            "5f1ed645-e548-469f-ab69-9ca715890a93"
          ],
          "failures": [],
          "pending": [],
          "skipped": [],
          "duration": 97,
          "root": false,
          "rootEmpty": false,
          "_timeout": 2000
        }
      ],
      "passes": [],
      "failures": [],
      "pending": [],
      "skipped": [],
      "duration": 0,
      "root": true,
      "rootEmpty": true,
      "_timeout": 2000
    }
  ],
  "meta": {
    "mocha": {
      "version": "10.4.0"
    },
    "mochawesome": {
      "options": {
        "quiet": false,
        "reportFilename": "mochawesome",
        "saveHtml": true,
        "saveJson": true,
        "consoleReporter": "spec",
        "useInlineDiffs": false,
        "code": true
      },
      "version": "7.1.3"
    },
    "marge": {
      "options": null,
      "version": "6.2.0"
    }
  }
}