{
  "stats": {
    "suites": 5,
    "tests": 21,
    "passes": 21,
    "pending": 0,
    "failures": 0,
    "start": "2024-05-12T06:59:13.192Z",
    "end": "2024-05-12T06:59:13.629Z",
    "duration": 437,
    "testsRegistered": 21,
    "passPercent": 100,
    "pendingPercent": 0,
    "other": 0,
    "hasOther": false,
    "skipped": 0,
    "hasSkipped": false
  },
  "results": [
    {
      "uuid": "e7f90751-01f4-41c2-931c-2e0ac72f8de2",
      "title": "",
      "fullFile": "",
      "file": "",
      "beforeHooks": [],
      "afterHooks": [],
      "tests": [],
      "suites": [
        {
          "uuid": "7d99f92e-0ac4-43dd-886f-4fa705a70a68",
          "title": "Test Api auth using supertest",
          "fullFile": "/home/ubuntu/system/nuxt_dev/dev_app/servermetrics/tests/auth.spec.js",
          "file": "/tests/auth.spec.js",
          "beforeHooks": [],
          "afterHooks": [],
          "tests": [
            {
              "title": "should successfully pass the test for get api with apikey and secretid",
              "fullTitle": "Test Api auth using supertest should successfully pass the test for get api with apikey and secretid",
              "timedOut": false,
              "duration": 10,
              "state": "passed",
              "speed": "fast",
              "pass": true,
              "fail": false,
              "pending": false,
              "context": null,
              "code": "request(baseurl)\n\t.post('/api/auth')\n            .send({ apikey: process.env.APIKEY, secretid: process.env.SECRETID })\n\t.set('Accept', 'application/json')\n\t.set('Content-Type', 'application/json')\n\t.end(function (err, res) {\n\t\texpect(res.statusCode).to.be.equal(200);\n\t\texpect(res.body.token).not.to.be.empty;\n\t\tdone();\n\t});",
              "err": {},
              "uuid": "b3df5792-9635-4577-8796-81baac6ea95e",
              "parentUUID": "7d99f92e-0ac4-43dd-886f-4fa705a70a68",
              "isHook": false,
              "skipped": false
            },
            {
              "title": "should successfully pass the test for get api without apikey and secretid",
              "fullTitle": "Test Api auth using supertest should successfully pass the test for get api without apikey and secretid",
              "timedOut": false,
              "duration": 3,
              "state": "passed",
              "speed": "fast",
              "pass": true,
              "fail": false,
              "pending": false,
              "context": null,
              "code": "request(baseurl)\n\t.post('/api/auth')\n\t.end(function (err, res) {\n\t\texpect(res.statusCode).to.be.equal(400);\n\t\tdone();\n\t});",
              "err": {},
              "uuid": "bb60f1ad-71f7-4bc1-b64e-d812b34ca864",
              "parentUUID": "7d99f92e-0ac4-43dd-886f-4fa705a70a68",
              "isHook": false,
              "skipped": false
            },
            {
              "title": "should successfully pass the test for get api without secretid",
              "fullTitle": "Test Api auth using supertest should successfully pass the test for get api without secretid",
              "timedOut": false,
              "duration": 3,
              "state": "passed",
              "speed": "fast",
              "pass": true,
              "fail": false,
              "pending": false,
              "context": null,
              "code": "request(baseurl)\n\t.post('/api/auth')\n\t.send({ apikey: process.env.APIKEY })\n\t.end(function (err, res) {\n\t\texpect(res.statusCode).to.be.equal(400);\n\t\tdone();\n\t});",
              "err": {},
              "uuid": "f5d69bb8-0757-46ec-9de1-f5a27af30750",
              "parentUUID": "7d99f92e-0ac4-43dd-886f-4fa705a70a68",
              "isHook": false,
              "skipped": false
            },
            {
              "title": "should successfully pass the test for get api without apikey",
              "fullTitle": "Test Api auth using supertest should successfully pass the test for get api without apikey",
              "timedOut": false,
              "duration": 3,
              "state": "passed",
              "speed": "fast",
              "pass": true,
              "fail": false,
              "pending": false,
              "context": null,
              "code": "request(baseurl)\n\t.post('/api/auth')\n\t.send({ secretid: process.env.SECRETID })\n\t.end(function (err, res) {\n\t\texpect(res.statusCode).to.be.equal(400);\n\t\tdone();\n\t});",
              "err": {},
              "uuid": "ffbf812e-43ea-480d-abd5-f5f927ddad2e",
              "parentUUID": "7d99f92e-0ac4-43dd-886f-4fa705a70a68",
              "isHook": false,
              "skipped": false
            },
            {
              "title": "should successfully pass the test for get api with false apikey and secretid",
              "fullTitle": "Test Api auth using supertest should successfully pass the test for get api with false apikey and secretid",
              "timedOut": false,
              "duration": 3,
              "state": "passed",
              "speed": "fast",
              "pass": true,
              "fail": false,
              "pending": false,
              "context": null,
              "code": "request(baseurl)\n\t.post('/api/auth')\n\t.send({ apikey: \"falsekey\", secretid: \"falsesecret\" })\n\t.end(function (err, res) {\n\t\texpect(res.statusCode).to.be.equal(400);\n\t\tdone();\n\t});",
              "err": {},
              "uuid": "0e15724a-d75e-4574-8826-59a06487ed90",
              "parentUUID": "7d99f92e-0ac4-43dd-886f-4fa705a70a68",
              "isHook": false,
              "skipped": false
            }
          ],
          "suites": [],
          "passes": [
            "b3df5792-9635-4577-8796-81baac6ea95e",
            "bb60f1ad-71f7-4bc1-b64e-d812b34ca864",
            "f5d69bb8-0757-46ec-9de1-f5a27af30750",
            "ffbf812e-43ea-480d-abd5-f5f927ddad2e",
            "0e15724a-d75e-4574-8826-59a06487ed90"
          ],
          "failures": [],
          "pending": [],
          "skipped": [],
          "duration": 22,
          "root": false,
          "rootEmpty": false,
          "_timeout": 2000
        },
        {
          "uuid": "5f90e43d-c5ac-4a73-aa2c-1e4aa201a9d7",
          "title": "Test Api cpu using supertest",
          "fullFile": "/home/ubuntu/system/nuxt_dev/dev_app/servermetrics/tests/memory.spec.js",
          "file": "/tests/memory.spec.js",
          "beforeHooks": [],
          "afterHooks": [],
          "tests": [
            {
              "title": "should successfully pass the test for get api with token :",
              "fullTitle": "Test Api cpu using supertest should successfully pass the test for get api with token :",
              "timedOut": false,
              "duration": 93,
              "state": "passed",
              "speed": "slow",
              "pass": true,
              "fail": false,
              "pending": false,
              "context": null,
              "code": "request(baseurl)\n    .get('/api/cpu')\n    .set('Accept', 'application/json')\n    .set('Content-Type', 'application/json')\n    .set('x-auth-token',  token)\n    .end(function (err, res) {\n        expect(res.statusCode).to.be.equal(200);\n        expect(res.body).not.to.be.empty;\n        done();\n    });",
              "err": {},
              "uuid": "22b0a78b-682f-4e77-a74f-6e08f656cc9e",
              "parentUUID": "5f90e43d-c5ac-4a73-aa2c-1e4aa201a9d7",
              "isHook": false,
              "skipped": false
            },
            {
              "title": "should successfully pass the test for get api without token",
              "fullTitle": "Test Api cpu using supertest should successfully pass the test for get api without token",
              "timedOut": false,
              "duration": 2,
              "state": "passed",
              "speed": "fast",
              "pass": true,
              "fail": false,
              "pending": false,
              "context": null,
              "code": "request(baseurl)\n    .get('/api/cpu')\n    .end(function (err, res) {\n        expect(res.statusCode).to.be.equal(403);\n        done();\n    });",
              "err": {},
              "uuid": "1240bf8c-ae08-415a-9d2b-1f5a69131226",
              "parentUUID": "5f90e43d-c5ac-4a73-aa2c-1e4aa201a9d7",
              "isHook": false,
              "skipped": false
            },
            {
              "title": "should successfully pass the test for get api with false token",
              "fullTitle": "Test Api cpu using supertest should successfully pass the test for get api with false token",
              "timedOut": false,
              "duration": 2,
              "state": "passed",
              "speed": "fast",
              "pass": true,
              "fail": false,
              "pending": false,
              "context": null,
              "code": "request(baseurl)\n    .get('/api/cpu')\n    .set('x-auth-token', 'false token')\n    .end(function (err, res) {\n        expect(res.statusCode).to.be.equal(400);\n        done();\n    });",
              "err": {},
              "uuid": "10dea2da-2d25-46e5-bb33-b88bdc180eb5",
              "parentUUID": "5f90e43d-c5ac-4a73-aa2c-1e4aa201a9d7",
              "isHook": false,
              "skipped": false
            },
            {
              "title": "should successfully pass the test for get api with empty token",
              "fullTitle": "Test Api cpu using supertest should successfully pass the test for get api with empty token",
              "timedOut": false,
              "duration": 3,
              "state": "passed",
              "speed": "fast",
              "pass": true,
              "fail": false,
              "pending": false,
              "context": null,
              "code": "request(baseurl)\n    .get('/api/cpu')\n    .set('x-auth-token', '')\n    .end(function (err, res) {\n        expect(res.statusCode).to.be.equal(403);\n        done();\n    });",
              "err": {},
              "uuid": "3ea82a15-eb8e-4310-9110-cc63b330f095",
              "parentUUID": "5f90e43d-c5ac-4a73-aa2c-1e4aa201a9d7",
              "isHook": false,
              "skipped": false
            }
          ],
          "suites": [],
          "passes": [
            "22b0a78b-682f-4e77-a74f-6e08f656cc9e",
            "1240bf8c-ae08-415a-9d2b-1f5a69131226",
            "10dea2da-2d25-46e5-bb33-b88bdc180eb5",
            "3ea82a15-eb8e-4310-9110-cc63b330f095"
          ],
          "failures": [],
          "pending": [],
          "skipped": [],
          "duration": 100,
          "root": false,
          "rootEmpty": false,
          "_timeout": 2000
        },
        {
          "uuid": "682a1ec7-dee8-4e85-92ab-befe28c3916e",
          "title": "Test Api disk using supertest",
          "fullFile": "/home/ubuntu/system/nuxt_dev/dev_app/servermetrics/tests/memory.spec.js",
          "file": "/tests/memory.spec.js",
          "beforeHooks": [],
          "afterHooks": [],
          "tests": [
            {
              "title": "should successfully pass the test for get api with token :",
              "fullTitle": "Test Api disk using supertest should successfully pass the test for get api with token :",
              "timedOut": false,
              "duration": 76,
              "state": "passed",
              "speed": "slow",
              "pass": true,
              "fail": false,
              "pending": false,
              "context": null,
              "code": "request(baseurl)\n    .get('/api/disk')\n    .set('Accept', 'application/json')\n    .set('Content-Type', 'application/json')\n    .set('x-auth-token',  token)\n    .end(function (err, res) {\n        expect(res.statusCode).to.be.equal(200);\n        expect(res.body).not.to.be.empty;\n        done();\n    });",
              "err": {},
              "uuid": "996f2cd3-0745-4f06-96b2-df2048337086",
              "parentUUID": "682a1ec7-dee8-4e85-92ab-befe28c3916e",
              "isHook": false,
              "skipped": false
            },
            {
              "title": "should successfully pass the test for get api without token",
              "fullTitle": "Test Api disk using supertest should successfully pass the test for get api without token",
              "timedOut": false,
              "duration": 2,
              "state": "passed",
              "speed": "fast",
              "pass": true,
              "fail": false,
              "pending": false,
              "context": null,
              "code": "request(baseurl)\n    .get('/api/disk')\n    .end(function (err, res) {\n        expect(res.statusCode).to.be.equal(403);\n        done();\n    });",
              "err": {},
              "uuid": "7874aa78-19fe-4158-a5e8-f99cccf55908",
              "parentUUID": "682a1ec7-dee8-4e85-92ab-befe28c3916e",
              "isHook": false,
              "skipped": false
            },
            {
              "title": "should successfully pass the test for get api with false token",
              "fullTitle": "Test Api disk using supertest should successfully pass the test for get api with false token",
              "timedOut": false,
              "duration": 2,
              "state": "passed",
              "speed": "fast",
              "pass": true,
              "fail": false,
              "pending": false,
              "context": null,
              "code": "request(baseurl)\n    .get('/api/disk')\n    .set('x-auth-token', 'false token')\n    .end(function (err, res) {\n        expect(res.statusCode).to.be.equal(400);\n        done();\n    });",
              "err": {},
              "uuid": "18596242-93ff-4bab-b56d-b085bcd269c5",
              "parentUUID": "682a1ec7-dee8-4e85-92ab-befe28c3916e",
              "isHook": false,
              "skipped": false
            },
            {
              "title": "should successfully pass the test for get api with empty token",
              "fullTitle": "Test Api disk using supertest should successfully pass the test for get api with empty token",
              "timedOut": false,
              "duration": 3,
              "state": "passed",
              "speed": "fast",
              "pass": true,
              "fail": false,
              "pending": false,
              "context": null,
              "code": "request(baseurl)\n    .get('/api/disk')\n    .set('x-auth-token', '')\n    .end(function (err, res) {\n        expect(res.statusCode).to.be.equal(403);\n        done();\n    });",
              "err": {},
              "uuid": "ec9d6d57-968f-4789-adbf-72f30ddbe12f",
              "parentUUID": "682a1ec7-dee8-4e85-92ab-befe28c3916e",
              "isHook": false,
              "skipped": false
            }
          ],
          "suites": [],
          "passes": [
            "996f2cd3-0745-4f06-96b2-df2048337086",
            "7874aa78-19fe-4158-a5e8-f99cccf55908",
            "18596242-93ff-4bab-b56d-b085bcd269c5",
            "ec9d6d57-968f-4789-adbf-72f30ddbe12f"
          ],
          "failures": [],
          "pending": [],
          "skipped": [],
          "duration": 83,
          "root": false,
          "rootEmpty": false,
          "_timeout": 2000
        },
        {
          "uuid": "c8d24581-b19e-4ba5-b702-5735e7f1a171",
          "title": "Test Api docker using supertest",
          "fullFile": "/home/ubuntu/system/nuxt_dev/dev_app/servermetrics/tests/memory.spec.js",
          "file": "/tests/memory.spec.js",
          "beforeHooks": [],
          "afterHooks": [],
          "tests": [
            {
              "title": "should successfully pass the test for get api with token :",
              "fullTitle": "Test Api docker using supertest should successfully pass the test for get api with token :",
              "timedOut": false,
              "duration": 97,
              "state": "passed",
              "speed": "slow",
              "pass": true,
              "fail": false,
              "pending": false,
              "context": null,
              "code": "request(baseurl)\n    .get('/api/docker')\n    .set('Accept', 'application/json')\n    .set('Content-Type', 'application/json')\n    .set('x-auth-token',  token)\n    .end(function (err, res) {\n        expect(res.statusCode).to.be.equal(200);\n        expect(res.body).not.to.be.empty;\n        done();\n    });",
              "err": {},
              "uuid": "f2ee9f95-1f71-4624-932a-3d072138be5d",
              "parentUUID": "c8d24581-b19e-4ba5-b702-5735e7f1a171",
              "isHook": false,
              "skipped": false
            },
            {
              "title": "should successfully pass the test for get api without token",
              "fullTitle": "Test Api docker using supertest should successfully pass the test for get api without token",
              "timedOut": false,
              "duration": 3,
              "state": "passed",
              "speed": "fast",
              "pass": true,
              "fail": false,
              "pending": false,
              "context": null,
              "code": "request(baseurl)\n    .get('/api/docker')\n    .end(function (err, res) {\n        expect(res.statusCode).to.be.equal(403);\n        done();\n    });",
              "err": {},
              "uuid": "7e607f4c-0165-485a-b2df-a0c70447e96c",
              "parentUUID": "c8d24581-b19e-4ba5-b702-5735e7f1a171",
              "isHook": false,
              "skipped": false
            },
            {
              "title": "should successfully pass the test for get api with false token",
              "fullTitle": "Test Api docker using supertest should successfully pass the test for get api with false token",
              "timedOut": false,
              "duration": 3,
              "state": "passed",
              "speed": "fast",
              "pass": true,
              "fail": false,
              "pending": false,
              "context": null,
              "code": "request(baseurl)\n    .get('/api/docker')\n    .set('x-auth-token', 'false token')\n    .end(function (err, res) {\n        expect(res.statusCode).to.be.equal(400);\n        done();\n    });",
              "err": {},
              "uuid": "c19b8886-d918-4214-a2b0-b19eeac6c32b",
              "parentUUID": "c8d24581-b19e-4ba5-b702-5735e7f1a171",
              "isHook": false,
              "skipped": false
            },
            {
              "title": "should successfully pass the test for get api with empty token",
              "fullTitle": "Test Api docker using supertest should successfully pass the test for get api with empty token",
              "timedOut": false,
              "duration": 3,
              "state": "passed",
              "speed": "fast",
              "pass": true,
              "fail": false,
              "pending": false,
              "context": null,
              "code": "request(baseurl)\n    .get('/api/docker')\n    .set('x-auth-token', '')\n    .end(function (err, res) {\n        expect(res.statusCode).to.be.equal(403);\n        done();\n    });",
              "err": {},
              "uuid": "1bcfd4c8-ae30-4fb3-b086-a0d9b688b92b",
              "parentUUID": "c8d24581-b19e-4ba5-b702-5735e7f1a171",
              "isHook": false,
              "skipped": false
            }
          ],
          "suites": [],
          "passes": [
            "f2ee9f95-1f71-4624-932a-3d072138be5d",
            "7e607f4c-0165-485a-b2df-a0c70447e96c",
            "c19b8886-d918-4214-a2b0-b19eeac6c32b",
            "1bcfd4c8-ae30-4fb3-b086-a0d9b688b92b"
          ],
          "failures": [],
          "pending": [],
          "skipped": [],
          "duration": 106,
          "root": false,
          "rootEmpty": false,
          "_timeout": 2000
        },
        {
          "uuid": "843ac4ec-be69-444a-83c2-54d5014ee60b",
          "title": "Test Api memory using supertest",
          "fullFile": "/home/ubuntu/system/nuxt_dev/dev_app/servermetrics/tests/memory.spec.js",
          "file": "/tests/memory.spec.js",
          "beforeHooks": [],
          "afterHooks": [],
          "tests": [
            {
              "title": "should successfully pass the test for get api with token :",
              "fullTitle": "Test Api memory using supertest should successfully pass the test for get api with token :",
              "timedOut": false,
              "duration": 93,
              "state": "passed",
              "speed": "slow",
              "pass": true,
              "fail": false,
              "pending": false,
              "context": null,
              "code": "request(baseurl)\n    .get('/api/memory')\n    .set('Accept', 'application/json')\n    .set('Content-Type', 'application/json')\n    .set('x-auth-token',  token)\n    .end(function (err, res) {\n        expect(res.statusCode).to.be.equal(200);\n        expect(res.body).not.to.be.empty;\n        done();\n    });",
              "err": {},
              "uuid": "fdaba78c-372d-4bbc-8b92-a3814badd0c1",
              "parentUUID": "843ac4ec-be69-444a-83c2-54d5014ee60b",
              "isHook": false,
              "skipped": false
            },
            {
              "title": "should successfully pass the test for get api without token",
              "fullTitle": "Test Api memory using supertest should successfully pass the test for get api without token",
              "timedOut": false,
              "duration": 4,
              "state": "passed",
              "speed": "fast",
              "pass": true,
              "fail": false,
              "pending": false,
              "context": null,
              "code": "request(baseurl)\n    .get('/api/memory')\n    .end(function (err, res) {\n        expect(res.statusCode).to.be.equal(403);\n        done();\n    });",
              "err": {},
              "uuid": "537240f8-d145-4261-bdcd-520d67be0777",
              "parentUUID": "843ac4ec-be69-444a-83c2-54d5014ee60b",
              "isHook": false,
              "skipped": false
            },
            {
              "title": "should successfully pass the test for get api with false token",
              "fullTitle": "Test Api memory using supertest should successfully pass the test for get api with false token",
              "timedOut": false,
              "duration": 3,
              "state": "passed",
              "speed": "fast",
              "pass": true,
              "fail": false,
              "pending": false,
              "context": null,
              "code": "request(baseurl)\n    .get('/api/memory')\n    .set('x-auth-token', 'false token')\n    .end(function (err, res) {\n        expect(res.statusCode).to.be.equal(400);\n        done();\n    });",
              "err": {},
              "uuid": "ec9fcd80-0383-45f1-9e7b-4ad2be420a76",
              "parentUUID": "843ac4ec-be69-444a-83c2-54d5014ee60b",
              "isHook": false,
              "skipped": false
            },
            {
              "title": "should successfully pass the test for get api with empty token",
              "fullTitle": "Test Api memory using supertest should successfully pass the test for get api with empty token",
              "timedOut": false,
              "duration": 3,
              "state": "passed",
              "speed": "fast",
              "pass": true,
              "fail": false,
              "pending": false,
              "context": null,
              "code": "request(baseurl)\n    .get('/api/memory')\n    .set('x-auth-token', '')\n    .end(function (err, res) {\n        expect(res.statusCode).to.be.equal(403);\n        done();\n    });",
              "err": {},
              "uuid": "bf90c645-5f54-40b9-9230-c02f427df908",
              "parentUUID": "843ac4ec-be69-444a-83c2-54d5014ee60b",
              "isHook": false,
              "skipped": false
            }
          ],
          "suites": [],
          "passes": [
            "fdaba78c-372d-4bbc-8b92-a3814badd0c1",
            "537240f8-d145-4261-bdcd-520d67be0777",
            "ec9fcd80-0383-45f1-9e7b-4ad2be420a76",
            "bf90c645-5f54-40b9-9230-c02f427df908"
          ],
          "failures": [],
          "pending": [],
          "skipped": [],
          "duration": 103,
          "root": false,
          "rootEmpty": false,
          "_timeout": 2000
        }
      ],
      "passes": [],
      "failures": [],
      "pending": [],
      "skipped": [],
      "duration": 0,
      "root": true,
      "rootEmpty": true,
      "_timeout": 2000
    }
  ],
  "meta": {
    "mocha": {
      "version": "10.4.0"
    },
    "mochawesome": {
      "options": {
        "quiet": false,
        "reportFilename": "mochawesome",
        "saveHtml": true,
        "saveJson": true,
        "consoleReporter": "spec",
        "useInlineDiffs": false,
        "code": true
      },
      "version": "7.1.3"
    },
    "marge": {
      "options": null,
      "version": "6.2.0"
    }
  }
}